p:\projects\dataandalgorithms\datastructuresalg\havocroom\x64\debug\vc142.pdb
p:\projects\dataandalgorithms\datastructuresalg\havocroom\x64\debug\vc142.idb
p:\projects\dataandalgorithms\datastructuresalg\havocroom\x64\debug\havocroom.obj
p:\projects\dataandalgorithms\datastructuresalg\x64\debug\havocroom.pdb
p:\projects\dataandalgorithms\datastructuresalg\havocroom\x64\debug\havocroom.tlog\cl.command.1.tlog
p:\projects\dataandalgorithms\datastructuresalg\havocroom\x64\debug\havocroom.tlog\cl.read.1.tlog
p:\projects\dataandalgorithms\datastructuresalg\havocroom\x64\debug\havocroom.tlog\cl.write.1.tlog
p:\projects\dataandalgorithms\datastructuresalg\havocroom\x64\debug\havocroom.tlog\link-cvtres.read.1.tlog
p:\projects\dataandalgorithms\datastructuresalg\havocroom\x64\debug\havocroom.tlog\link-cvtres.write.1.tlog
p:\projects\dataandalgorithms\datastructuresalg\havocroom\x64\debug\havocroom.tlog\link-rc.read.1.tlog
p:\projects\dataandalgorithms\datastructuresalg\havocroom\x64\debug\havocroom.tlog\link-rc.write.1.tlog
p:\projects\dataandalgorithms\datastructuresalg\havocroom\x64\debug\havocroom.tlog\link.16520-cvtres.read.1.tlog
p:\projects\dataandalgorithms\datastructuresalg\havocroom\x64\debug\havocroom.tlog\link.16520-cvtres.write.1.tlog
p:\projects\dataandalgorithms\datastructuresalg\havocroom\x64\debug\havocroom.tlog\link.16520-rc.read.1.tlog
p:\projects\dataandalgorithms\datastructuresalg\havocroom\x64\debug\havocroom.tlog\link.16520-rc.write.1.tlog
p:\projects\dataandalgorithms\datastructuresalg\havocroom\x64\debug\havocroom.tlog\link.16520.read.1.tlog
p:\projects\dataandalgorithms\datastructuresalg\havocroom\x64\debug\havocroom.tlog\link.16520.write.1.tlog
p:\projects\dataandalgorithms\datastructuresalg\havocroom\x64\debug\havocroom.tlog\link.command.1.tlog
p:\projects\dataandalgorithms\datastructuresalg\havocroom\x64\debug\havocroom.tlog\link.read.1.tlog
p:\projects\dataandalgorithms\datastructuresalg\havocroom\x64\debug\havocroom.tlog\link.write.1.tlog
